producer_class	xtools.gsea.GseaPreranked
producer_timestamp	1765201386105
param	rpt_label	KEGGLEGACY_GSEA_CCLE_FGFR3_MUTvsWT_08122025
param	rnd_seed	timestamp
param	set_min	15
param	zip_report	false
param	create_svgs	true
param	scoring_scheme	classic
param	rnk	/home/simone/Desktop/R_Main/CCLE.rnk
param	norm	meandiv
param	out	/home/simone/Desktop/R_Main/GSEA
param	mode	Abs_max_of_probes
param	include_only_symbols	true
param	help	false
param	set_max	500
param	gmx	ftp.broadinstitute.org://pub/gsea/msigdb/human/gene_sets/c2.cp.kegg_legacy.v2025.1.Hs.symbols.gmt
param	make_sets	true
param	plot_top_x	20
param	gui	false
param	nperm	1000
param	collapse	No_Collapse

file	/home/simone/Desktop/R_Main/GSEA/KEGGLEGACY_GSEA_CCLE_FGFR3_MUTvsWT_08122025.GseaPreranked.1765201386105/index.html
